# JRE version: Java(TM) SE Runtime Environment (17.0.4+11) (build 17.0.4+11-LTS-179)
# Java VM: Java HotSpot(TM) 64-Bit Server VM (17.0.4+11-LTS-179, mixed mode, sharing, tiered, compressed oops, compressed class ptrs, g1 gc, windows-amd64)
GC Precious Log:
 CPUs: 4 total, 4 available
 Memory: 6051M
 Large Page Support: Disabled
 NUMA Support: Disabled
 Compressed Oops: Enabled (32-bit)
 Heap Region Size: 1M
 Heap Min Capacity: 8M
 Heap Initial Capacity: 96M
 Heap Max Capacity: 1514M
 Pre-touch: Disabled
 Parallel Workers: 4
 Concurrent Workers: 1
 Concurrent Refinement Workers: 4
 Periodic GC: Disabled
Heap:
 garbage-first heap   total 68608K, used 30527K [0x00000000a1600000, 0x0000000100000000)
  region size 1024K, 18 young (18432K), 4 survivors (4096K)
 Metaspace       used 21811K, committed 22080K, reserved 1073152K
  class space    used 2715K, committed 2880K, reserved 1048576K
GC Heap History (10 events):
Event: 1.849 GC heap before
{Heap before GC invocations=0 (full 0):
 garbage-first heap   total 98304K, used 12288K [0x00000000a1600000, 0x0000000100000000)
  region size 1024K, 13 young (13312K), 0 survivors (0K)
 Metaspace       used 2629K, committed 2752K, reserved 1056768K
  class space    used 267K, committed 320K, reserved 1048576K
}
Event: 1.864 GC heap after
{Heap after GC invocations=1 (full 0):
 garbage-first heap   total 98304K, used 5104K [0x00000000a1600000, 0x0000000100000000)
  region size 1024K, 2 young (2048K), 2 survivors (2048K)
 Metaspace       used 2629K, committed 2752K, reserved 1056768K
  class space    used 267K, committed 320K, reserved 1048576K
}
Event: 3.027 GC heap before
{Heap before GC invocations=1 (full 0):
 garbage-first heap   total 98304K, used 16368K [0x00000000a1600000, 0x0000000100000000)
  region size 1024K, 13 young (13312K), 2 survivors (2048K)
 Metaspace       used 6788K, committed 6912K, reserved 1056768K
  class space    used 740K, committed 832K, reserved 1048576K
}
Event: 3.035 GC heap after
{Heap after GC invocations=2 (full 0):
 garbage-first heap   total 98304K, used 6792K [0x00000000a1600000, 0x0000000100000000)
  region size 1024K, 2 young (2048K), 2 survivors (2048K)
 Metaspace       used 6788K, committed 6912K, reserved 1056768K
  class space    used 740K, committed 832K, reserved 1048576K
}
Event: 5.222 GC heap before
{Heap before GC invocations=2 (full 0):
 garbage-first heap   total 98304K, used 28296K [0x00000000a1600000, 0x0000000100000000)
  region size 1024K, 23 young (23552K), 2 survivors (2048K)
 Metaspace       used 9906K, committed 10048K, reserved 1064960K
  class space    used 1124K, committed 1216K, reserved 1048576K
}
Event: 5.236 GC heap after
{Heap after GC invocations=3 (full 0):
 garbage-first heap   total 98304K, used 9820K [0x00000000a1600000, 0x0000000100000000)
  region size 1024K, 3 young (3072K), 3 survivors (3072K)
 Metaspace       used 9906K, committed 10048K, reserved 1064960K
  class space    used 1124K, committed 1216K, reserved 1048576K
}
Event: 10.770 GC heap before
{Heap before GC invocations=3 (full 0):
 garbage-first heap   total 98304K, used 38492K [0x00000000a1600000, 0x0000000100000000)
  region size 1024K, 31 young (31744K), 3 survivors (3072K)
 Metaspace       used 18489K, committed 18688K, reserved 1073152K
  class space    used 2230K, committed 2304K, reserved 1048576K
}
Event: 10.785 GC heap after
{Heap after GC invocations=4 (full 0):
 garbage-first heap   total 98304K, used 12146K [0x00000000a1600000, 0x0000000100000000)
  region size 1024K, 3 young (3072K), 3 survivors (3072K)
 Metaspace       used 18489K, committed 18688K, reserved 1073152K
  class space    used 2230K, committed 2304K, reserved 1048576K
}
Event: 34.194 GC heap before
{Heap before GC invocations=4 (full 0):
 garbage-first heap   total 98304K, used 29554K [0x00000000a1600000, 0x0000000100000000)
  region size 1024K, 16 young (16384K), 3 survivors (3072K)
 Metaspace       used 21329K, committed 21504K, reserved 1073152K
  class space    used 2646K, committed 2752K, reserved 1048576K
}
Event: 34.203 GC heap after
{Heap after GC invocations=5 (full 0):
 garbage-first heap   total 98304K, used 18239K [0x00000000a1600000, 0x0000000100000000)
  region size 1024K, 4 young (4096K), 4 survivors (4096K)
 Metaspace       used 21329K, committed 21504K, reserved 1073152K
  class space    used 2646K, committed 2752K, reserved 1048576K
}

